<?xml version="1.0" encoding="UTF-8"?>
<!-- Generated by org.testng.reporters.JUnitReportReporter -->
<testsuite hostname="INTLAP-485-Subir-Sarkar" failures="0" tests="6" name="api.testcases.UserTestDDT" time="7.124" errors="0" timestamp="2024-02-19T22:38:49 IST" skipped="0">
  <testcase classname="api.testcases.UserTestDDT" name="testCreateUser" time="1.198"/>
  <system-out/>
  <testcase classname="api.testcases.UserTestDDT" name="testCreateUser" time="1.151"/>
  <system-out/>
  <testcase classname="api.testcases.UserTestDDT" name="testGetUserData" time="1.201"/>
  <system-out/>
  <testcase classname="api.testcases.UserTestDDT" name="testGetUserData" time="1.191"/>
  <system-out/>
  <testcase classname="api.testcases.UserTestDDT" name="testDeleteUser" time="1.204"/>
  <system-out/>
  <testcase classname="api.testcases.UserTestDDT" name="testDeleteUser" time="1.179"/>
  <system-out/>
</testsuite> <!-- api.testcases.UserTestDDT -->
